<component name="libraryTable">
  <library name="junit.jupiter" type="repository">
    <properties maven-id="org.junit.jupiter:junit-jupiter:5.9.2" />
    <CLASSES>
      <root url="jar://$PROJECT_DIR$/junit-jupiter-5.9.2.jar!/" />
      <root url="jar://$PROJECT_DIR$/junit-jupiter-api-5.9.2.jar!/" />
      <root url="jar://$PROJECT_DIR$/opentest4j-1.2.0.jar!/" />
      <root url="jar://$PROJECT_DIR$/junit-platform-commons-1.9.2.jar!/" />
      <root url="jar://$PROJECT_DIR$/apiguardian-api-1.1.2.jar!/" />
      <root url="jar://$PROJECT_DIR$/junit-jupiter-params-5.9.2.jar!/" />
      <root url="jar://$PROJECT_DIR$/junit-jupiter-engine-5.9.2.jar!/" />
      <root url="jar://$PROJECT_DIR$/junit-platform-engine-1.9.2.jar!/" />
    </CLASSES>
    <JAVADOC>
      <root url="jar://$PROJECT_DIR$/junit-jupiter-5.9.2-javadoc.jar!/" />
      <root url="jar://$PROJECT_DIR$/junit-jupiter-api-5.9.2-javadoc.jar!/" />
      <root url="jar://$PROJECT_DIR$/opentest4j-1.2.0-javadoc.jar!/" />
      <root url="jar://$PROJECT_DIR$/junit-platform-commons-1.9.2-javadoc.jar!/" />
      <root url="jar://$PROJECT_DIR$/apiguardian-api-1.1.2-javadoc.jar!/" />
      <root url="jar://$PROJECT_DIR$/junit-jupiter-params-5.9.2-javadoc.jar!/" />
      <root url="jar://$PROJECT_DIR$/junit-jupiter-engine-5.9.2-javadoc.jar!/" />
      <root url="jar://$PROJECT_DIR$/junit-platform-engine-1.9.2-javadoc.jar!/" />
    </JAVADOC>
    <SOURCES>
      <root url="jar://$PROJECT_DIR$/junit-jupiter-5.9.2-sources.jar!/" />
      <root url="jar://$PROJECT_DIR$/junit-jupiter-api-5.9.2-sources.jar!/" />
      <root url="jar://$PROJECT_DIR$/opentest4j-1.2.0-sources.jar!/" />
      <root url="jar://$PROJECT_DIR$/junit-platform-commons-1.9.2-sources.jar!/" />
      <root url="jar://$PROJECT_DIR$/apiguardian-api-1.1.2-sources.jar!/" />
      <root url="jar://$PROJECT_DIR$/junit-jupiter-params-5.9.2-sources.jar!/" />
      <root url="jar://$PROJECT_DIR$/junit-jupiter-engine-5.9.2-sources.jar!/" />
      <root url="jar://$PROJECT_DIR$/junit-platform-engine-1.9.2-sources.jar!/" />
    </SOURCES>
  </library>
</component>